<?xml version="1.0" encoding="UTF-8"?>
<!-- Generated by org.testng.reporters.JUnitReportReporter -->
<testsuite hostname="DESKTOP-TMTF0AN" failures="0" tests="1" name="testCases.TC002_LoginTest" time="1.504" errors="0" timestamp="2025-05-27T18:15:46 IST" skipped="0">
  <testcase classname="testCases.TC002_LoginTest" name="verify_login" time="1.504"/>
</testsuite> <!-- testCases.TC002_LoginTest -->
