<?xml version="1.0" encoding="UTF-8"?>
<!-- Generated by org.testng.reporters.JUnitReportReporter -->
<testsuite hostname="DESKTOP-UI3NA1C" failures="0" tests="1" name="testCases.TC_001_MedLoginTest" time="1.246" errors="0" timestamp="2025-06-03T15:29:46 IST" skipped="0">
  <testcase classname="testCases.TC_001_MedLoginTest" name="verify_login" time="1.246"/>
</testsuite> <!-- testCases.TC_001_MedLoginTest -->
