<?xml version="1.0" encoding="UTF-8"?>
<!-- Generated by org.testng.reporters.JUnitReportReporter -->
<testsuite hostname="DESKTOP-UI3NA1C" failures="0" tests="1" name="testCases.LoginTest" time="0.619" errors="0" timestamp="2025-07-16T13:10:04 IST" skipped="0">
  <testcase classname="testCases.LoginTest" name="testValidLogin" time="0.619"/>
</testsuite> <!-- testCases.LoginTest -->
