<?xml version="1.0" encoding="UTF-8"?>
<!-- Generated by org.testng.reporters.JUnitReportReporter -->
<testsuite hostname="DESKTOP-TMTF0AN" failures="0" tests="5" name="testCases.TC003_LoginDDT" time="55.174" errors="0" timestamp="2025-05-26T10:29:15 IST" skipped="0">
  <testcase classname="testCases.TC003_LoginDDT" name="verify_loginDDT" time="11.226"/>
  <testcase classname="testCases.TC003_LoginDDT" name="verify_loginDDT" time="11.120"/>
  <testcase classname="testCases.TC003_LoginDDT" name="verify_loginDDT" time="11.433"/>
  <testcase classname="testCases.TC003_LoginDDT" name="verify_loginDDT" time="10.743"/>
  <testcase classname="testCases.TC003_LoginDDT" name="verify_loginDDT" time="10.652"/>
</testsuite> <!-- testCases.TC003_LoginDDT -->
