<?xml version="1.0" encoding="UTF-8"?>
<!-- Generated by org.testng.reporters.JUnitReportReporter -->
<testsuite hostname="DESKTOP-TMTF0AN" failures="0" tests="1" name="testCases.TC_001_MedLoginTest" time="1.309" errors="0" timestamp="2025-06-02T17:48:01 IST" skipped="0">
  <testcase classname="testCases.TC_001_MedLoginTest" name="verify_login" time="1.309"/>
</testsuite> <!-- testCases.TC_001_MedLoginTest -->
