<?xml version="1.0" encoding="UTF-8"?>
<!-- Generated by org.testng.reporters.JUnitReportReporter -->
<testsuite hostname="DESKTOP-TMTF0AN" failures="0" tests="1" name="testCases.TC002_LoginTest" time="8.823" errors="0" timestamp="2025-05-26T12:34:08 IST" skipped="0">
  <testcase classname="testCases.TC002_LoginTest" name="verify_login" time="8.823"/>
</testsuite> <!-- testCases.TC002_LoginTest -->
