<?xml version="1.0" encoding="UTF-8"?>
<!-- Generated by org.testng.reporters.JUnitReportReporter -->
<testsuite hostname="DESKTOP-UI3NA1C" failures="0" tests="1" name="testCases.TC_002_MedMasterDataTest" time="1.790" errors="0" timestamp="2025-06-03T18:33:05 IST" skipped="0">
  <testcase classname="testCases.TC_002_MedMasterDataTest" name="verify_masterdata" time="1.790"/>
</testsuite> <!-- testCases.TC_002_MedMasterDataTest -->
