<?xml version="1.0" encoding="UTF-8"?>
<!-- Generated by org.testng.reporters.JUnitReportReporter -->
<testsuite hostname="DESKTOP-UI3NA1C" failures="0" tests="1" name="testCases.TC_001_MedLoginTest" time="9.300" errors="0" timestamp="2025-07-11T10:04:36 IST" skipped="0">
  <testcase classname="testCases.TC_001_MedLoginTest" name="verify_login" time="9.300"/>
</testsuite> <!-- testCases.TC_001_MedLoginTest -->
