<?xml version="1.0" encoding="UTF-8"?>
<!-- Generated by org.testng.reporters.JUnitReportReporter -->
<testsuite hostname="DESKTOP-TMTF0AN" failures="0" tests="1" name="testCases.TC_001_MedLoginTest" time="12.432" errors="0" timestamp="2025-05-30T18:27:04 IST" skipped="0">
  <testcase classname="testCases.TC_001_MedLoginTest" name="verify_login" time="12.432"/>
</testsuite> <!-- testCases.TC_001_MedLoginTest -->
