<?xml version="1.0" encoding="UTF-8"?>
<!-- Generated by org.testng.reporters.JUnitReportReporter -->
<testsuite hostname="DESKTOP-TMTF0AN" failures="0" tests="1" name="testCases.TC_001_AccountRegistrationTest" time="2.109" errors="0" timestamp="2025-05-27T10:06:25 IST" skipped="0">
  <testcase classname="testCases.TC_001_AccountRegistrationTest" name="verify_account_registration" time="2.109"/>
</testsuite> <!-- testCases.TC_001_AccountRegistrationTest -->
